 the following gives the system CPU statistics 3 times (with 1 second interval).

$ sar 1 3
Linux 2.6.18-194.el5PAE (dev-db)        03/26/2011      _i686_  (8 CPU)

01:27:32 PM       CPU     %user     %nice   %system   %iowait    %steal     %idle
01:27:33 PM       all      0.00      0.00      0.00      0.00      0.00    100.00
01:27:34 PM       all      0.25      0.00      0.25      0.00      0.00     99.50
01:27:35 PM       all      0.75      0.00      0.25      0.00      0.00     99.00
Average:          all      0.33      0.00      0.17      0.00      0.00     99.50

$ sar -r 1 3
Linux 2.6.18-194.el5PAE (dev-db)        03/26/2011      _i686_  (8 CPU)

07:28:06 AM kbmemfree kbmemused  %memused kbbuffers  kbcached  kbcommit   %commit  kbactive   kbinact
07:28:07 AM   6209248   2097432     25.25    189024   1796544    141372      0.85   1921060     88204
07:28:08 AM   6209248   2097432     25.25    189024   1796544    141372      0.85   1921060     88204
07:28:09 AM   6209248   2097432     25.25    189024   1796544    141372      0.85   1921060     88204
Average:      6209248   2097432     25.25    189024   1796544    141372      0.85   1921060     88204

Swap Space Used (sar -S)

$ sar -S 1 3
Linux 2.6.18-194.el5PAE (dev-db)        03/26/2011      _i686_  (8 CPU)

07:31:06 AM kbswpfree kbswpused  %swpused  kbswpcad   %swpcad
07:31:07 AM   8385920         0      0.00         0      0.00
07:31:08 AM   8385920         0      0.00         0      0.00
07:31:09 AM   8385920         0      0.00         0      0.00
Average:      8385920         0      0.00         0      0.00

Overall I/O Activities (sar -b)

$ sar -b 1 3
Linux 2.6.18-194.el5PAE (dev-db)        03/26/2011      _i686_  (8 CPU)

01:56:28 PM       tps      rtps      wtps   bread/s   bwrtn/s
01:56:29 PM    346.00    264.00     82.00   2208.00    768.00
01:56:30 PM    100.00     36.00     64.00    304.00    816.00
01:56:31 PM    282.83     32.32    250.51    258.59   2537.37
Average:       242.81    111.04    131.77    925.75   1369.90

Individual Block Device I/O Activities (sar -d)

$ sar -d 1 1
Linux 2.6.18-194.el5PAE (dev-db)        03/26/2011      _i686_  (8 CPU)

01:59:45 PM       DEV       tps  rd_sec/s  wr_sec/s  avgrq-sz  avgqu-sz     await     svctm     %util
01:59:46 PM    dev8-0      1.01      0.00      0.00      0.00      0.00      4.00      1.00      0.10
01:59:46 PM    dev8-1      1.01      0.00      0.00      0.00      0.00      4.00      1.00      0.10
01:59:46 PM dev120-64      3.03     64.65      0.00     21.33      0.03      9.33      5.33      1.62
01:59:46 PM dev120-65      3.03     64.65      0.00     21.33      0.03      9.33      5.33      1.62
01:59:46 PM  dev120-0      8.08      0.00    105.05     13.00      0.00      0.38      0.38      0.30
01:59:46 PM  dev120-1      8.08      0.00    105.05     13.00      0.00      0.38      0.38      0.30
01:59:46 PM dev120-96      1.01      8.08      0.00      8.00      0.01      9.00      9.00      0.91
01:59:46 PM dev120-97      1.01      8.08      0.00      8.00      0.01      9.00      9.00      0.91

Display context switch per second (sar -w)

$ sar -w 1 3
Linux 2.6.18-194.el5PAE (dev-db)        03/26/2011      _i686_  (8 CPU)

08:32:24 AM    proc/s   cswch/s
08:32:25 AM      3.00     53.00
08:32:26 AM      4.00     61.39
08:32:27 AM      2.00     57.00

Reports run queue and load average (sar -q)

$ sar -q 1 3
Linux 2.6.18-194.el5PAE (dev-db)        03/26/2011      _i686_  (8 CPU)

06:28:53 AM   runq-sz  plist-sz   ldavg-1   ldavg-5  ldavg-15   blocked
06:28:54 AM         0       230      2.00      3.00      5.00         0
06:28:55 AM         2       210      2.01      3.15      5.15         0
06:28:56 AM         2       230      2.12      3.12      5.12         0
Average:            3       230      3.12      3.12      5.12         0

Report network statistics (sar -n)

$ sar -n DEV 1 1
Linux 2.6.18-194.el5PAE (dev-db)        03/26/2011      _i686_  (8 CPU)

01:11:13 PM     IFACE   rxpck/s   txpck/s   rxbyt/s   txbyt/s   rxcmp/s   txcmp/s  rxmcst/s
01:11:14 PM        lo      0.00      0.00      0.00      0.00      0.00      0.00      0.00
01:11:14 PM      eth0    342.57    342.57  93923.76 141773.27      0.00      0.00      0.00
01:11:14 PM      eth1      0.00      0.00      0.00      0.00      0.00      0.00      0.00
